<?xml version="1.0" encoding="UTF-8"?>
<testng-results ignored="0" total="1" passed="1" failed="0" skipped="0">
  <reporter-output>
  </reporter-output>
  <suite started-at="2023-09-01T19:56:40 IST" name="PositiveLogInTestSuite" finished-at="2023-09-01T19:56:56 IST" duration-ms="16033">
    <groups>
    </groups>
    <test started-at="2023-09-01T19:56:40 IST" name="PositiveLogInTests" finished-at="2023-09-01T19:56:56 IST" duration-ms="16033">
      <class name="com.herokuapp.theinternet.loginpagetests.PositiveLogInTests">
        <test-method is-config="true" signature="setUp(java.lang.reflect.Method,java.lang.String,org.testng.ITestContext)[pri:0, instance:com.herokuapp.theinternet.loginpagetests.PositiveLogInTests@5656be13]" started-at="2023-09-01T19:56:41 IST" name="setUp" finished-at="2023-09-01T19:56:48 IST" duration-ms="6486" status="PASS">
          <params>
            <param index="0">
              <value>
                <![CDATA[public void com.herokuapp.theinternet.loginpagetests.PositiveLogInTests.loginTest()]]>
              </value>
            </param>
            <param index="1">
              <value>
                <![CDATA[chrome]]>
              </value>
            </param>
            <param index="2">
              <value>
                <![CDATA[org.testng.TestRunner@7d3fb0ef]]>
              </value>
            </param>
          </params>
          <reporter-output>
          </reporter-output>
        </test-method> <!-- setUp -->
        <test-method signature="loginTest()[pri:0, instance:com.herokuapp.theinternet.loginpagetests.PositiveLogInTests@5656be13]" started-at="2023-09-01T19:56:48 IST" name="loginTest" finished-at="2023-09-01T19:56:56 IST" duration-ms="8193" status="PASS">
          <reporter-output>
          </reporter-output>
        </test-method> <!-- loginTest -->
        <test-method is-config="true" signature="tearDown()[pri:0, instance:com.herokuapp.theinternet.loginpagetests.PositiveLogInTests@5656be13]" started-at="2023-09-01T19:56:56 IST" name="tearDown" finished-at="2023-09-01T19:56:56 IST" duration-ms="404" status="PASS">
          <reporter-output>
          </reporter-output>
        </test-method> <!-- tearDown -->
      </class> <!-- com.herokuapp.theinternet.loginpagetests.PositiveLogInTests -->
    </test> <!-- PositiveLogInTests -->
  </suite> <!-- PositiveLogInTestSuite -->
</testng-results>
